#
# A fatal error has been detected by the Java Runtime Environment:
#
#  EXCEPTION_ILLEGAL_INSTRUCTION (0xc000001d) at pc=0x0000000002ef9e7d, pid=10780, tid=10424
#
# JRE version: Java(TM) SE Runtime Environment (8.0_60-b27) (build 1.8.0_60-b27)
# Java VM: Java HotSpot(TM) 64-Bit Server VM (25.60-b23 mixed mode windows-amd64 compressed oops)
# Problematic frame:
# J 2991 C2 java.util.IdentityHashMap$IdentityHashMapIterator.hasNext()Z (50 bytes) @ 0x0000000002ef9e7d [0x0000000002ef9d40+0x13d]
#
# Failed to write core dump. Minidumps are not enabled by default on client versions of Windows
#
# If you would like to submit a bug report, please visit:
#   http://bugreport.java.com/bugreport/crash.jsp
#

---------------  T H R E A D  ---------------

Current thread (0x0000000019672800):  JavaThread "AWT-EventQueue-0" [_thread_in_Java, id=10424, stack(0x000000001a6c0000,0x000000001a7c0000)]

siginfo: ExceptionCode=0xc000001d

Registers:
RAX=0x0000000016d27540, RBX=0x0000000016d27540, RCX=0x00000000d74bcba0, RDX=0x0000000000000100
RSP=0x000000001a7bdbf0, RBP=0x000000001a7bdc78, RSI=0x00000000000000fa, RDI=0x00000000816800c0
R8 =0x00000000d832d0c8, R9 =0x0000000000000000, R10=0x00000000000000c2, R11=0x0000000000000000
R12=0x0000000000000000, R13=0x000000001a7bdc30, R14=0x000000001a7bdcd0, R15=0x0000000019672800
RIP=0x0000000002ef9e7d, EFLAGS=0x0000000000010282

Top of Stack: (sp=0x000000001a7bdbf0)
0x000000001a7bdbf0:   000000001a7bdce0 00000000d74bcba0
0x000000001a7bdc00:   00000000ba7bdc78 0000000002667ced
0x000000001a7bdc10:   000000001a7bdc78 0000000002667505
0x000000001a7bdc20:   0000000000000001 0000000002667505
0x000000001a7bdc30:   00000000d74bcba0 000000001a7bdc38
0x000000001a7bdc40:   0000000016d894f5 000000001a7bdcd0
0x000000001a7bdc50:   0000000016d8b878 0000000000000000
0x000000001a7bdc60:   0000000016d895d0 000000001a7bdc30
0x000000001a7bdc70:   000000001a7bdcc8 000000001a7bdd28
0x000000001a7bdc80:   0000000002667ced 0000000000000000
0x000000001a7bdc90:   0000000000000000 0000000000000000
0x000000001a7bdca0:   0000000000000000 0000000000000000
0x000000001a7bdcb0:   0000000000000000 00000000d74bcba0
0x000000001a7bdcc0:   00000000d74bcb70 0000000081680088
0x000000001a7bdcd0:   00000000d83e3370 0000000000000021
0x000000001a7bdce0:   0000000000000000 000000001a7bdcd8 

Instructions: (pc=0x0000000002ef9e7d)
0x0000000002ef9e5d:   02 eb 04 41 83 c2 04 44 89 51 0c c6 41 18 01 b8
0x0000000002ef9e6d:   01 00 00 00 48 83 c4 20 5d 85 05 84 61 b9 fd c3
0x0000000002ef9e7d:   ba 86 ff ff ff 8b ef 44 89 14 24 48 89 4c 24 08
0x0000000002ef9e8d:   66 90 e8 0c b9 7a ff cc ba 7e ff ff ff 8b ef 44 


Register to memory mapping:

RAX=0x0000000016d27540 is pointing into metadata
RBX=0x0000000016d27540 is pointing into metadata
RCX=0x00000000d74bcba0 is an oop
java.util.IdentityHashMap$KeyIterator 
 - klass: 'java/util/IdentityHashMap$KeyIterator'
RDX=0x0000000000000100 is an unknown value
RSP=0x000000001a7bdbf0 is pointing into the stack for thread: 0x0000000019672800
RBP=0x000000001a7bdc78 is pointing into the stack for thread: 0x0000000019672800
RSI=0x00000000000000fa is an unknown value
RDI=0x00000000816800c0 is an oop
[Ljava.lang.Object; 
 - klass: 'java/lang/Object'[]
 - length: 256
R8 =0x00000000d832d0c8 is an oop
javax.swing.JTextField 
 - klass: 'javax/swing/JTextField'
R9 =0x0000000000000000 is an unknown value
R10=0x00000000000000c2 is an unknown value
R11=0x0000000000000000 is an unknown value
R12=0x0000000000000000 is an unknown value
R13=0x000000001a7bdc30 is pointing into the stack for thread: 0x0000000019672800
R14=0x000000001a7bdcd0 is pointing into the stack for thread: 0x0000000019672800
R15=0x0000000019672800 is a thread


Stack: [0x000000001a6c0000,0x000000001a7c0000],  sp=0x000000001a7bdbf0,  free space=1014k
Native frames: (J=compiled Java code, j=interpreted, Vv=VM code, C=native code)
C  0x0000000002ef9e7d


---------------  P R O C E S S  ---------------

Java Threads: ( => current thread )
  0x0000000019cdb000 JavaThread "TimerQueue" daemon [_thread_blocked, id=10136, stack(0x000000001b5a0000,0x000000001b6a0000)]
  0x0000000000c1e000 JavaThread "DestroyJavaVM" [_thread_blocked, id=6768, stack(0x0000000002460000,0x0000000002560000)]
=>0x0000000019672800 JavaThread "AWT-EventQueue-0" [_thread_in_Java, id=10424, stack(0x000000001a6c0000,0x000000001a7c0000)]
  0x0000000019662000 JavaThread "AWT-Windows" daemon [_thread_in_native, id=14660, stack(0x000000001a000000,0x000000001a100000)]
  0x000000001965f800 JavaThread "AWT-Shutdown" [_thread_blocked, id=8372, stack(0x0000000019f00000,0x000000001a000000)]
  0x000000001960d000 JavaThread "Java2D Disposer" daemon [_thread_blocked, id=5356, stack(0x0000000019e00000,0x0000000019f00000)]
  0x0000000018c38000 JavaThread "Service Thread" daemon [_thread_blocked, id=15312, stack(0x0000000019010000,0x0000000019110000)]
  0x00000000171c8000 JavaThread "C1 CompilerThread2" daemon [_thread_blocked, id=4748, stack(0x0000000018b10000,0x0000000018c10000)]
  0x00000000171c1800 JavaThread "C2 CompilerThread1" daemon [_thread_blocked, id=13408, stack(0x0000000018a10000,0x0000000018b10000)]
  0x00000000171ba000 JavaThread "C2 CompilerThread0" daemon [_thread_blocked, id=3868, stack(0x0000000018910000,0x0000000018a10000)]
  0x00000000171b8800 JavaThread "Attach Listener" daemon [_thread_blocked, id=15024, stack(0x0000000018810000,0x0000000018910000)]
  0x00000000171b7000 JavaThread "Signal Dispatcher" daemon [_thread_blocked, id=14932, stack(0x0000000018710000,0x0000000018810000)]
  0x0000000002657000 JavaThread "Finalizer" daemon [_thread_blocked, id=14576, stack(0x0000000018430000,0x0000000018530000)]
  0x0000000017189000 JavaThread "Reference Handler" daemon [_thread_blocked, id=12128, stack(0x0000000018330000,0x0000000018430000)]

Other Threads:
  0x0000000017187800 VMThread [stack: 0x0000000018230000,0x0000000018330000] [id=9736]
  0x0000000018c55800 WatcherThread [stack: 0x0000000019110000,0x0000000019210000] [id=12860]

VM state:not at safepoint (normal execution)

VM Mutex/Monitor currently owned by a thread: None

Heap:
 PSYoungGen      total 38400K, used 27918K [0x00000000d5d00000, 0x00000000d8780000, 0x0000000100000000)
  eden space 33280K, 74% used [0x00000000d5d00000,0x00000000d7543820,0x00000000d7d80000)
  from space 5120K, 60% used [0x00000000d8280000,0x00000000d8580000,0x00000000d8780000)
  to   space 5120K, 0% used [0x00000000d7d80000,0x00000000d7d80000,0x00000000d8280000)
 ParOldGen       total 87552K, used 12651K [0x0000000081600000, 0x0000000086b80000, 0x00000000d5d00000)
  object space 87552K, 14% used [0x0000000081600000,0x000000008225aef0,0x0000000086b80000)
 Metaspace       used 19705K, capacity 20360K, committed 20480K, reserved 1067008K
  class space    used 2599K, capacity 2776K, committed 2816K, reserved 1048576K

Card table byte_map: [0x0000000011a20000,0x0000000011e20000] byte_map_base: 0x0000000011615000

Marking Bits: (ParMarkBitMap*) 0x00000000601aa5b0
 Begin Bits: [0x00000000124d0000, 0x0000000014478000)
 End Bits:   [0x0000000014478000, 0x0000000016420000)

Polling page: 0x0000000000a90000

CodeCache: size=245760Kb used=10639Kb max_used=10639Kb free=235120Kb
 bounds [0x0000000002660000, 0x00000000030f0000, 0x0000000011660000]
 total_blobs=3976 nmethods=3449 adapters=436
 compilation: enabled

Compilation events (10 events):
Event: 104.322 Thread 0x00000000171c8000 3784   !   3       javax.swing.text.PlainView::drawLine (118 bytes)
Event: 104.325 Thread 0x00000000171c8000 nmethod 3784 0x0000000002ac6ed0 code [0x0000000002ac7120, 0x0000000002ac7e98]
Event: 105.468 Thread 0x00000000171c8000 3785       1       java.awt.event.KeyEvent::getKeyChar (5 bytes)
Event: 105.468 Thread 0x00000000171c8000 nmethod 3785 0x0000000002981e50 code [0x0000000002981fa0, 0x00000000029820b0]
Event: 105.469 Thread 0x00000000171c8000 3787       3       javax.swing.text.JTextComponent$DefaultKeymap::getAction (36 bytes)
Event: 105.470 Thread 0x00000000171c8000 nmethod 3787 0x0000000002983010 code [0x00000000029831a0, 0x00000000029835d8]
Event: 105.470 Thread 0x00000000171c8000 3786       1       javax.swing.SwingUtilities::isValidKeyEventForKeyBindings (2 bytes)
Event: 105.470 Thread 0x00000000171c8000 nmethod 3786 0x00000000029edad0 code [0x00000000029edc20, 0x00000000029edd10]
Event: 106.267 Thread 0x00000000171c8000 3788  s    3       javax.swing.text.DefaultCaret::repaint (31 bytes)
Event: 106.267 Thread 0x00000000171c8000 nmethod 3788 0x0000000002d04dd0 code [0x0000000002d04f60, 0x0000000002d05528]

GC Heap History (8 events):
Event: 0.890 GC heap before
{Heap before GC invocations=1 (full 0):
 PSYoungGen      total 38400K, used 33280K [0x00000000d5d00000, 0x00000000d8780000, 0x0000000100000000)
  eden space 33280K, 100% used [0x00000000d5d00000,0x00000000d7d80000,0x00000000d7d80000)
  from space 5120K, 0% used [0x00000000d8280000,0x00000000d8280000,0x00000000d8780000)
  to   space 5120K, 0% used [0x00000000d7d80000,0x00000000d7d80000,0x00000000d8280000)
 ParOldGen       total 87552K, used 0K [0x0000000081600000, 0x0000000086b80000, 0x00000000d5d00000)
  object space 87552K, 0% used [0x0000000081600000,0x0000000081600000,0x0000000086b80000)
 Metaspace       used 14564K, capacity 14806K, committed 14976K, reserved 1062912K
  class space    used 1965K, capacity 2051K, committed 2176K, reserved 1048576K
Event: 0.895 GC heap after
Heap after GC invocations=1 (full 0):
 PSYoungGen      total 38400K, used 5089K [0x00000000d5d00000, 0x00000000d8780000, 0x0000000100000000)
  eden space 33280K, 0% used [0x00000000d5d00000,0x00000000d5d00000,0x00000000d7d80000)
  from space 5120K, 99% used [0x00000000d7d80000,0x00000000d8278748,0x00000000d8280000)
  to   space 5120K, 0% used [0x00000000d8280000,0x00000000d8280000,0x00000000d8780000)
 ParOldGen       total 87552K, used 251K [0x0000000081600000, 0x0000000086b80000, 0x00000000d5d00000)
  object space 87552K, 0% used [0x0000000081600000,0x000000008163ef18,0x0000000086b80000)
 Metaspace       used 14564K, capacity 14806K, committed 14976K, reserved 1062912K
  class space    used 1965K, capacity 2051K, committed 2176K, reserved 1048576K
}
Event: 24.598 GC heap before
{Heap before GC invocations=2 (full 0):
 PSYoungGen      total 38400K, used 38369K [0x00000000d5d00000, 0x00000000d8780000, 0x0000000100000000)
  eden space 33280K, 100% used [0x00000000d5d00000,0x00000000d7d80000,0x00000000d7d80000)
  from space 5120K, 99% used [0x00000000d7d80000,0x00000000d8278748,0x00000000d8280000)
  to   space 5120K, 0% used [0x00000000d8280000,0x00000000d8280000,0x00000000d8780000)
 ParOldGen       total 87552K, used 251K [0x0000000081600000, 0x0000000086b80000, 0x00000000d5d00000)
  object space 87552K, 0% used [0x0000000081600000,0x000000008163ef18,0x0000000086b80000)
 Metaspace       used 18033K, capacity 18364K, committed 18432K, reserved 1064960K
  class space    used 2438K, capacity 2528K, committed 2560K, reserved 1048576K
Event: 24.605 GC heap after
Heap after GC invocations=2 (full 0):
 PSYoungGen      total 38400K, used 5105K [0x00000000d5d00000, 0x00000000d8780000, 0x0000000100000000)
  eden space 33280K, 0% used [0x00000000d5d00000,0x00000000d5d00000,0x00000000d7d80000)
  from space 5120K, 99% used [0x00000000d8280000,0x00000000d877c768,0x00000000d8780000)
  to   space 5120K, 0% used [0x00000000d7d80000,0x00000000d7d80000,0x00000000d8280000)
 ParOldGen       total 87552K, used 4826K [0x0000000081600000, 0x0000000086b80000, 0x00000000d5d00000)
  object space 87552K, 5% used [0x0000000081600000,0x0000000081ab6ab8,0x0000000086b80000)
 Metaspace       used 18033K, capacity 18364K, committed 18432K, reserved 1064960K
  class space    used 2438K, capacity 2528K, committed 2560K, reserved 1048576K
}
Event: 47.345 GC heap before
{Heap before GC invocations=3 (full 0):
 PSYoungGen      total 38400K, used 38385K [0x00000000d5d00000, 0x00000000d8780000, 0x0000000100000000)
  eden space 33280K, 100% used [0x00000000d5d00000,0x00000000d7d80000,0x00000000d7d80000)
  from space 5120K, 99% used [0x00000000d8280000,0x00000000d877c768,0x00000000d8780000)
  to   space 5120K, 0% used [0x00000000d7d80000,0x00000000d7d80000,0x00000000d8280000)
 ParOldGen       total 87552K, used 4826K [0x0000000081600000, 0x0000000086b80000, 0x00000000d5d00000)
  object space 87552K, 5% used [0x0000000081600000,0x0000000081ab6ab8,0x0000000086b80000)
 Metaspace       used 19017K, capacity 19510K, committed 19584K, reserved 1067008K
  class space    used 2540K, capacity 2673K, committed 2688K, reserved 1048576K
Event: 47.356 GC heap after
Heap after GC invocations=3 (full 0):
 PSYoungGen      total 38400K, used 5105K [0x00000000d5d00000, 0x00000000d8780000, 0x0000000100000000)
  eden space 33280K, 0% used [0x00000000d5d00000,0x00000000d5d00000,0x00000000d7d80000)
  from space 5120K, 99% used [0x00000000d7d80000,0x00000000d827c768,0x00000000d8280000)
  to   space 5120K, 0% used [0x00000000d8280000,0x00000000d8280000,0x00000000d8780000)
 ParOldGen       total 87552K, used 8881K [0x0000000081600000, 0x0000000086b80000, 0x00000000d5d00000)
  object space 87552K, 10% used [0x0000000081600000,0x0000000081eac788,0x0000000086b80000)
 Metaspace       used 19017K, capacity 19510K, committed 19584K, reserved 1067008K
  class space    used 2540K, capacity 2673K, committed 2688K, reserved 1048576K
}
Event: 99.031 GC heap before
{Heap before GC invocations=4 (full 0):
 PSYoungGen      total 38400K, used 38385K [0x00000000d5d00000, 0x00000000d8780000, 0x0000000100000000)
  eden space 33280K, 100% used [0x00000000d5d00000,0x00000000d7d80000,0x00000000d7d80000)
  from space 5120K, 99% used [0x00000000d7d80000,0x00000000d827c768,0x00000000d8280000)
  to   space 5120K, 0% used [0x00000000d8280000,0x00000000d8280000,0x00000000d8780000)
 ParOldGen       total 87552K, used 8881K [0x0000000081600000, 0x0000000086b80000, 0x00000000d5d00000)
  object space 87552K, 10% used [0x0000000081600000,0x0000000081eac788,0x0000000086b80000)
 Metaspace       used 19471K, capacity 20002K, committed 20224K, reserved 1067008K
  class space    used 2572K, capacity 2727K, committed 2816K, reserved 1048576K
Event: 99.052 GC heap after
Heap after GC invocations=4 (full 0):
 PSYoungGen      total 38400K, used 3072K [0x00000000d5d00000, 0x00000000d8780000, 0x0000000100000000)
  eden space 33280K, 0% used [0x00000000d5d00000,0x00000000d5d00000,0x00000000d7d80000)
  from space 5120K, 60% used [0x00000000d8280000,0x00000000d8580000,0x00000000d8780000)
  to   space 5120K, 0% used [0x00000000d7d80000,0x00000000d7d80000,0x00000000d8280000)
 ParOldGen       total 87552K, used 12651K [0x0000000081600000, 0x0000000086b80000, 0x00000000d5d00000)
  object space 87552K, 14% used [0x0000000081600000,0x000000008225aef0,0x0000000086b80000)
 Metaspace       used 19471K, capacity 20002K, committed 20224K, reserved 1067008K
  class space    used 2572K, capacity 2727K, committed 2816K, reserved 1048576K
}

Deoptimization events (10 events):
Event: 24.829 Thread 0x0000000019672800 Uncommon trap: reason=unstable_if action=reinterpret pc=0x0000000002d25a10 method=com.db4o.internal.btree.BTreeNode.keyPatch(I)Lcom/db4o/internal/btree/BTreePatch; @ 11
Event: 24.862 Thread 0x0000000019672800 Uncommon trap: reason=unstable_if action=reinterpret pc=0x0000000002e17d44 method=com.db4o.foundation.Tree.removeNode(Lcom/db4o/foundation/Tree;)Lcom/db4o/foundation/Tree; @ 24
Event: 24.862 Thread 0x0000000019672800 Uncommon trap: reason=unstable_if action=reinterpret pc=0x0000000002e17ccc method=com.db4o.foundation.Tree.removeNode(Lcom/db4o/foundation/Tree;)Lcom/db4o/foundation/Tree; @ 47
Event: 47.304 Thread 0x0000000019672800 Uncommon trap: reason=null_check action=make_not_entrant pc=0x0000000002fa57d8 method=com.db4o.reflect.jdk.JdkClass.isAssignableFrom(Lcom/db4o/reflect/ReflectClass;)Z @ 17
Event: 47.304 Thread 0x0000000019672800 Uncommon trap: reason=null_check action=make_not_entrant pc=0x0000000002f9dda8 method=com.db4o.reflect.jdk.JdkClass.isAssignableFrom(Lcom/db4o/reflect/ReflectClass;)Z @ 17
Event: 47.456 Thread 0x0000000019672800 Uncommon trap: reason=unstable_if action=reinterpret pc=0x0000000002e40b44 method=com.db4o.internal.btree.BTreeNode.wasRemoved(Lcom/db4o/internal/Transaction;Lcom/db4o/internal/btree/Searcher;)Z @ 4
Event: 91.862 Thread 0x0000000019672800 Uncommon trap: reason=null_check action=make_not_entrant pc=0x00000000030a3c68 method=javax.swing.plaf.nimbus.NimbusDefaults$LazyStyle.matches(Ljava/awt/Component;I)Z @ 39
Event: 94.016 Thread 0x0000000019672800 Uncommon trap: reason=unstable_if action=reinterpret pc=0x00000000030b990c method=java.awt.Toolkit$SelectiveAWTEventListener.eventDispatched(Ljava/awt/AWTEvent;)V @ 150
Event: 94.385 Thread 0x0000000019672800 Uncommon trap: reason=unstable_if action=reinterpret pc=0x0000000002cae2a4 method=java.awt.Container.findComponentAtImpl(IIZ)Ljava/awt/Component; @ 131
Event: 99.487 Thread 0x0000000019672800 Uncommon trap: reason=unstable_if action=reinterpret pc=0x0000000002ab39c0 method=com.db4o.io.CachingBin$Page.ensureEndAddress(J)V @ 26

Internal exceptions (10 events):
Event: 0.302 Thread 0x0000000000c1e000 Exception <a 'java/lang/ClassNotFoundException': ToolBarSeparator> (0x00000000d61ff150) thrown at [C:\re\workspace\8-2-build-windows-amd64-cygwin\jdk8u60\4407\hotspot\src\share\vm\classfile\systemDictionary.cpp, line 210]
Event: 0.302 Thread 0x0000000000c1e000 Exception <a 'java/lang/ClassNotFoundException': ToolTip> (0x00000000d61ff890) thrown at [C:\re\workspace\8-2-build-windows-amd64-cygwin\jdk8u60\4407\hotspot\src\share\vm\classfile\systemDictionary.cpp, line 210]
Event: 0.303 Thread 0x0000000000c1e000 Exception <a 'java/lang/ClassNotFoundException': Tree> (0x00000000d62004b0) thrown at [C:\re\workspace\8-2-build-windows-amd64-cygwin\jdk8u60\4407\hotspot\src\share\vm\classfile\systemDictionary.cpp, line 210]
Event: 0.303 Thread 0x0000000000c1e000 Exception <a 'java/lang/ClassNotFoundException': Tree> (0x00000000d6200bf0) thrown at [C:\re\workspace\8-2-build-windows-amd64-cygwin\jdk8u60\4407\hotspot\src\share\vm\classfile\systemDictionary.cpp, line 210]
Event: 0.303 Thread 0x0000000000c1e000 Exception <a 'java/lang/ClassNotFoundException': javax/swing/JTreeCell> (0x00000000d6200f70) thrown at [C:\re\workspace\8-2-build-windows-amd64-cygwin\jdk8u60\4407\hotspot\src\share\vm\classfile\systemDictionary.cpp, line 210]
Event: 0.303 Thread 0x0000000000c1e000 Exception <a 'java/lang/ClassNotFoundException': TreeCell> (0x00000000d62013f8) thrown at [C:\re\workspace\8-2-build-windows-amd64-cygwin\jdk8u60\4407\hotspot\src\share\vm\classfile\systemDictionary.cpp, line 210]
Event: 0.303 Thread 0x0000000000c1e000 Exception <a 'java/lang/ClassNotFoundException': RootPane> (0x00000000d6201e58) thrown at [C:\re\workspace\8-2-build-windows-amd64-cygwin\jdk8u60\4407\hotspot\src\share\vm\classfile\systemDictionary.cpp, line 210]
Event: 24.504 Thread 0x0000000019672800 Implicit null exception at 0x0000000002a002dd to 0x0000000002a0074f
Event: 24.862 Thread 0x0000000019672800 Implicit null exception at 0x0000000002e17434 to 0x0000000002e17d29
Event: 91.862 Thread 0x0000000019672800 Implicit null exception at 0x00000000030a0536 to 0x00000000030a3c4d

Events (10 events):
Event: 99.483 Thread 0x0000000019672800 DEOPT PACKING pc=0x0000000002e0cb17 sp=0x000000001a7bb760
Event: 99.483 Thread 0x0000000019672800 DEOPT UNPACKING pc=0x00000000026a787f sp=0x000000001a7bb4e8 mode 0
Event: 99.485 Thread 0x0000000019672800 DEOPT PACKING pc=0x0000000002e0cb17 sp=0x000000001a7bbd60
Event: 99.485 Thread 0x0000000019672800 DEOPT UNPACKING pc=0x00000000026a787f sp=0x000000001a7bbae8 mode 0
Event: 99.487 Thread 0x0000000019672800 Uncommon trap: trap_request=0xffffff65 fr.pc=0x0000000002ab39c0
Event: 99.487 Thread 0x0000000019672800 DEOPT PACKING pc=0x0000000002ab39c0 sp=0x000000001a7bb990
Event: 99.487 Thread 0x0000000019672800 DEOPT UNPACKING pc=0x00000000026a582a sp=0x000000001a7bb8a8 mode 2
Event: 99.776 Executing VM operation: RevokeBias
Event: 99.777 Executing VM operation: RevokeBias done
Event: 99.777 Thread 0x0000000019a0e000 Thread exited: 0x0000000019a0e000


Dynamic libraries:
0x00007ff66dac0000 - 0x00007ff66daf7000 	C:\Program Files\Java\jdk1.8.0_60\bin\java.exe
0x00007ffb52560000 - 0x00007ffb5270c000 	C:\Windows\SYSTEM32\ntdll.dll
0x00007ffb4fc40000 - 0x00007ffb4fd7e000 	C:\Windows\system32\KERNEL32.DLL
0x00007ffb4f9c0000 - 0x00007ffb4fad5000 	C:\Windows\system32\KERNELBASE.dll
0x00007ffb4e160000 - 0x00007ffb4e1ee000 	C:\Windows\system32\apphelp.dll
0x00007ffb3e260000 - 0x00007ffb3e2b3000 	C:\Windows\AppPatch\AppPatch64\AcGenral.DLL
0x00007ffb51690000 - 0x00007ffb5173a000 	C:\Windows\system32\msvcrt.dll
0x00007ffb4f4e0000 - 0x00007ffb4f50e000 	C:\Windows\SYSTEM32\SspiCli.dll
0x00007ffb4fbe0000 - 0x00007ffb4fc34000 	C:\Windows\system32\SHLWAPI.dll
0x00007ffb4fde0000 - 0x00007ffb4ff57000 	C:\Windows\system32\USER32.dll
0x00007ffb4ff70000 - 0x00007ffb50104000 	C:\Windows\system32\ole32.dll
0x00007ffb50160000 - 0x00007ffb5168b000 	C:\Windows\system32\SHELL32.dll
0x00007ffb4ecb0000 - 0x00007ffb4ecd1000 	C:\Windows\SYSTEM32\USERENV.dll
0x00007ffb522f0000 - 0x00007ffb5239a000 	C:\Windows\system32\ADVAPI32.dll
0x00007ffb44380000 - 0x00007ffb4439e000 	C:\Windows\SYSTEM32\MPR.dll
0x00007ffb51d60000 - 0x00007ffb51ea1000 	C:\Windows\system32\RPCRT4.dll
0x00007ffb4fd80000 - 0x00007ffb4fdd9000 	C:\Windows\SYSTEM32\sechost.dll
0x00007ffb52010000 - 0x00007ffb52221000 	C:\Windows\SYSTEM32\combase.dll
0x00007ffb51c10000 - 0x00007ffb51d5f000 	C:\Windows\system32\GDI32.dll
0x00007ffb4f6b0000 - 0x00007ffb4f6c5000 	C:\Windows\SYSTEM32\profapi.dll
0x00007ffb4e200000 - 0x00007ffb4e2b2000 	C:\Windows\SYSTEM32\SHCORE.dll
0x00007ffb50120000 - 0x00007ffb50156000 	C:\Windows\system32\IMM32.DLL
0x00007ffb51eb0000 - 0x00007ffb52002000 	C:\Windows\system32\MSCTF.dll
0x00007ffb4d400000 - 0x00007ffb4d67b000 	C:\Windows\WinSxS\amd64_microsoft.windows.common-controls_6595b64144ccf1df_6.0.9600.18006_none_623f33d3ecbe86e8\COMCTL32.dll
0x00000000621c0000 - 0x0000000062292000 	C:\Program Files\Java\jdk1.8.0_60\jre\bin\msvcr100.dll
0x000000005f9a0000 - 0x0000000060229000 	C:\Program Files\Java\jdk1.8.0_60\jre\bin\server\jvm.dll
0x00007ffb464e0000 - 0x00007ffb464e9000 	C:\Windows\SYSTEM32\WSOCK32.dll
0x00007ffb4d0d0000 - 0x00007ffb4d0f2000 	C:\Windows\SYSTEM32\WINMM.dll
0x00007ffb4e1f0000 - 0x00007ffb4e1fa000 	C:\Windows\SYSTEM32\VERSION.dll
0x00007ffb51a60000 - 0x00007ffb51a67000 	C:\Windows\system32\PSAPI.DLL
0x00007ffb52290000 - 0x00007ffb522ea000 	C:\Windows\system32\WS2_32.dll
0x00007ffb4cea0000 - 0x00007ffb4ceca000 	C:\Windows\SYSTEM32\WINMMBASE.dll
0x00007ffb50110000 - 0x00007ffb50119000 	C:\Windows\system32\NSI.dll
0x00007ffb4fb90000 - 0x00007ffb4fbdf000 	C:\Windows\SYSTEM32\cfgmgr32.dll
0x00007ffb4e4a0000 - 0x00007ffb4e4c8000 	C:\Windows\SYSTEM32\DEVOBJ.dll
0x0000000062840000 - 0x000000006284f000 	C:\Program Files\Java\jdk1.8.0_60\jre\bin\verify.dll
0x00000000627c0000 - 0x00000000627e9000 	C:\Program Files\Java\jdk1.8.0_60\jre\bin\java.dll
0x0000000062820000 - 0x0000000062836000 	C:\Program Files\Java\jdk1.8.0_60\jre\bin\zip.dll
0x0000000060950000 - 0x0000000060ae8000 	C:\Program Files\Java\jdk1.8.0_60\jre\bin\awt.dll
0x00007ffb51740000 - 0x00007ffb51801000 	C:\Windows\system32\OLEAUT32.dll
0x00007ffb4e320000 - 0x00007ffb4e449000 	C:\Windows\system32\uxtheme.dll
0x00007ffb4d9f0000 - 0x00007ffb4da11000 	C:\Windows\system32\dwmapi.dll
0x00007ffb4e4f0000 - 0x00007ffb4e4fb000 	C:\Windows\SYSTEM32\kernel.appcore.dll
0x00007ffb4f580000 - 0x00007ffb4f58b000 	C:\Windows\SYSTEM32\CRYPTBASE.dll
0x00007ffb4f510000 - 0x00007ffb4f573000 	C:\Windows\SYSTEM32\bcryptPrimitives.dll
0x0000000061430000 - 0x0000000061477000 	C:\Program Files\Java\jdk1.8.0_60\jre\bin\fontmanager.dll
0x00007ffb51a70000 - 0x00007ffb51b26000 	C:\Windows\SYSTEM32\clbcatq.dll
0x00007ffb4cb20000 - 0x00007ffb4ccce000 	C:\Windows\SYSTEM32\WindowsCodecs.dll
0x00007ffb4ef80000 - 0x00007ffb4efa0000 	C:\Windows\SYSTEM32\CRYPTSP.dll
0x00007ffb4eb40000 - 0x00007ffb4eb76000 	C:\Windows\system32\rsaenh.dll
0x00007ffb4f1f0000 - 0x00007ffb4f216000 	C:\Windows\SYSTEM32\bcrypt.dll
0x0000000061cd0000 - 0x0000000061cea000 	C:\Program Files\Java\jdk1.8.0_60\jre\bin\net.dll
0x00007ffb4ef20000 - 0x00007ffb4ef79000 	C:\Windows\system32\mswsock.dll
0x0000000061910000 - 0x0000000061921000 	C:\Program Files\Java\jdk1.8.0_60\jre\bin\nio.dll
0x00000000613e0000 - 0x0000000061422000 	C:\Program Files\Java\jdk1.8.0_60\jre\bin\t2k.dll
0x00000000613b0000 - 0x00000000613da000 	C:\Program Files\Java\jdk1.8.0_60\jre\bin\dcpr.dll
0x00007ffb4c240000 - 0x00007ffb4c2a4000 	C:\Windows\system32\Ninput.dll
0x00007ffb43160000 - 0x00007ffb432e9000 	C:\Windows\SYSTEM32\dbghelp.dll

VM Arguments:
jvm_args: -Dfile.encoding=UTF-8 
java_command: UserInterface.MainJFrame
java_class_path (initial): C:\Program Files\NetBeans 8.0.2\java\modules\ext\AbsoluteLayout.jar;C:\Users\Nauka Salot\Documents\NetBeansProjects;C:\Users\Nauka Salot\Documents\repos\salot_nauka_001619470\Project\lib\db4o-8.0.249.16098-all-java5.jar;C:\Users\Nauka Salot\Desktop\jcalendar-1.4.jar;C:\Users\Nauka Salot\Desktop\AED project\cmu_time_awb.jar;C:\Users\Nauka Salot\Desktop\AED project\cmu_us_kal.jar;C:\Users\Nauka Salot\Desktop\AED project\cmudict04.jar;C:\Users\Nauka Salot\Desktop\AED project\cmulex.jar;C:\Users\Nauka Salot\Desktop\AED project\cmutimelex.jar;C:\Users\Nauka Salot\Desktop\AED project\en_us.jar;C:\Users\Nauka Salot\Desktop\AED project\freetts-jsapi10.jar;C:\Users\Nauka Salot\Desktop\AED project\freetts.jar;C:\Users\Nauka Salot\Desktop\AED project\mbrola.jar;C:\Users\Nauka Salot\Documents\repos\salot_nauka_001619470\Project\build\classes
Launcher Type: SUN_STANDARD

Environment Variables:
JAVA_HOME=C:\Program Files\Java\JDK1.8.0_60
CLASSPATH=%CLASSPATH%;%JAVA_HOME%\lib;C:\Program Files\Java\JDK1.8.0_60\lib;C:\Program Files\Java\JDK1.8.0_60\lib
PATH=C:\ProgramData\Oracle\Java\javapath;C:\ProgramData\Oracle\Java\javapath;C:\ProgramData\Oracle\Java\javapath;C:\Windows\System32;C:\Program Files\Java\JDK1.8.0_60\bin;C:\Program Files (x86)\Microsoft SQL Server\Client SDK\ODBC\110\Tools\Binn\;C:\Program Files (x86)\Microsoft SQL Server\120\Tools\Binn\;C:\Program Files (x86)\Microsoft SQL Server\120\DTS\Binn\;C:\Program Files (x86)\Skype\Phone\;C:\Program Files (x86)\MySQL\MySQL Fabric 1.5.4 & MySQL Utilities 1.5.4 1.5\;C:\Program Files (x86)\MySQL\MySQL Fabric 1.5.4 & MySQL Utilities 1.5.4 1.5\Doctrine extensions for PHP\;C:\Program Files\Java\JDK1.8.0_60\bin;C:\Program Files (x86)\Microsoft SQL Server\Client SDK\ODBC\110\Tools\Binn\;C:\Program Files (x86)\Microsoft SQL Server\120\Tools\Binn\;C:\Program Files (x86)\Microsoft SQL Server\120\DTS\Binn\;C:\Program Files (x86)\Skype\Phone\;C:\Program Files (x86)\MySQL\MySQL Fabric 1.5.4 & MySQL Utilities 1.5.4 1.5\;C:\Program Files (x86)\MySQL\MySQL Fabric 1.5.4 & MySQL Utilities 1.5.4 1.5\Doctrine extensions for PHP\;C:\Program Files\Java\JDK1.8.0_60\bin;C:\Program Files (x86)\Microsoft SQL Server\Client SDK\ODBC\110\Tools\Binn\;C:\Program Files (x86)\Microsoft SQL Server\120\Tools\Binn\;C:\Program Files (x86)\Microsoft SQL Server\120\DTS\Binn\;C:\Program Files (x86)\Skype\Phone\;C:\Program Files (x86)\MySQL\MySQL Fabric 1.5.4 & MySQL Utilities 1.5.4 1.5\;C:\Program Files (x86)\MySQL\MySQL Fabric 1.5.4 & MySQL Utilities 1.5.4 1.5\Doctrine extensions for PHP\
USERNAME=Nauka Salot
OS=Windows_NT
PROCESSOR_IDENTIFIER=Intel64 Family 6 Model 61 Stepping 4, GenuineIntel



---------------  S Y S T E M  ---------------

OS: Windows 8.1 , 64 bit Build 9600 (6.3.9600.17415)

CPU:total 4 (2 cores per cpu, 2 threads per core) family 6 model 61 stepping 4, cmov, cx8, fxsr, mmx, sse, sse2, sse3, ssse3, sse4.1, sse4.2, popcnt, avx, avx2, aes, clmul, erms, 3dnowpref, lzcnt, ht, tsc, tscinvbit, bmi1, bmi2, adx

Memory: 4k page, physical 8296976k(1160712k free), swap 12229136k(2820520k free)

vm_info: Java HotSpot(TM) 64-Bit Server VM (25.60-b23) for windows-amd64 JRE (1.8.0_60-b27), built on Aug  4 2015 11:06:27 by "java_re" with MS VC++ 10.0 (VS2010)

time: Sat Dec 05 20:29:49 2015
elapsed time: 106 seconds (0d 0h 1m 46s)

